<?xml version="1.0" encoding="UTF-8"?>
<testsuite xmlns:xsi="http://www.w3.org/2001/XMLSchema-instance" xsi:noNamespaceSchemaLocation="https://maven.apache.org/surefire/maven-surefire-plugin/xsd/surefire-test-report.xsd" name="com.cold.UserTest" time="4.062" tests="2" errors="0" skipped="0" failures="0">
  <properties>
[...]
</properties>
  <testcase name="PasswordTest" classname="com.cold.UserTest" time="0.261"/>
  <testcase name="mapperTest" classname="com.cold.UserTest" time="0.521"/>
</testsuite>